<?xml version="1.0" encoding="UTF-8"?>
<!-- Generated by org.testng.reporters.JUnitXMLReporter -->
<testsuite hostname="DESKTOP-UNE8MP0" ignored="8" name="Gurukula application test cases" tests="14" failures="1" timestamp="02 Sep 2019 08:41:24 GMT" time="651.176" errors="0">
  <testcase name="verifyUserLoginWithValidCreds" time="3.488" classname="com.testscripts.gurukulApp.LoginTest"/>
  <testcase name="verifyAccountMenuSettingsValidations" time="5.714" classname="com.testscripts.gurukulApp.AccountTest"/>
  <testcase name="verifyRegisterAccountEnrollFailure" time="0.343" classname="com.testscripts.gurukulApp.RegisterAccountTest">
    <skipped/>
  </testcase> <!-- verifyRegisterAccountEnrollFailure -->
  <testcase name="verifyRegisterAccountEnrollFailure" time="2.839" classname="com.testscripts.gurukulApp.RegisterAccountTest">
    <skipped/>
  </testcase> <!-- verifyRegisterAccountEnrollFailure -->
  <testcase name="verifyRegisterAccountEnrollFailure" time="2.094" classname="com.testscripts.gurukulApp.RegisterAccountTest">
    <failure type="java.lang.AssertionError" message="Registration failed message is not displayed expected [false] but found [true]">
      <![CDATA[java.lang.AssertionError: Registration failed message is not displayed expected [false] but found [true]
at org.testng.Assert.fail(Assert.java:96)
at org.testng.Assert.failNotEquals(Assert.java:776)
at org.testng.Assert.assertFalse(Assert.java:65)
at com.testscripts.gurukulApp.RegisterAccountTest.verifyRegisterAccountEnrollFailure(RegisterAccountTest.java:35)
at sun.reflect.NativeMethodAccessorImpl.invoke0(Native Method)
at sun.reflect.NativeMethodAccessorImpl.invoke(Unknown Source)
at sun.reflect.DelegatingMethodAccessorImpl.invoke(Unknown Source)
at java.lang.reflect.Method.invoke(Unknown Source)
at org.testng.internal.MethodInvocationHelper.invokeMethod(MethodInvocationHelper.java:124)
at org.testng.internal.Invoker.invokeMethod(Invoker.java:583)
at org.testng.internal.Invoker.retryFailed(Invoker.java:839)
at org.testng.internal.Invoker.invokeTestMethods(Invoker.java:1010)
at org.testng.internal.TestMethodWorker.invokeTestMethods(TestMethodWorker.java:125)
at org.testng.internal.TestMethodWorker.run(TestMethodWorker.java:109)
at org.testng.TestRunner.privateRun(TestRunner.java:648)
at org.testng.TestRunner.run(TestRunner.java:505)
at org.testng.SuiteRunner.runTest(SuiteRunner.java:455)
at org.testng.SuiteRunner.runSequentially(SuiteRunner.java:450)
at org.testng.SuiteRunner.privateRun(SuiteRunner.java:415)
at org.testng.SuiteRunner.run(SuiteRunner.java:364)
at org.testng.SuiteRunnerWorker.runSuite(SuiteRunnerWorker.java:52)
at org.testng.SuiteRunnerWorker.run(SuiteRunnerWorker.java:84)
at org.testng.TestNG.runSuitesSequentially(TestNG.java:1208)
at org.testng.TestNG.runSuitesLocally(TestNG.java:1137)
at org.testng.TestNG.runSuites(TestNG.java:1049)
at org.testng.TestNG.run(TestNG.java:1017)
at org.testng.remote.AbstractRemoteTestNG.run(AbstractRemoteTestNG.java:115)
at org.testng.remote.RemoteTestNG.initAndRun(RemoteTestNG.java:251)
at org.testng.remote.RemoteTestNG.main(RemoteTestNG.java:77)
]]>
    </failure>
  </testcase> <!-- verifyRegisterAccountEnrollFailure -->
  <testcase name="verifyPagination" time="266.272" classname="com.testscripts.gurukulApp.PaginationTest"/>
  <testcase name="verifyUserLoginWithInValidCreds" time="2.556" classname="com.testscripts.gurukulApp.LoginTest"/>
  <testcase name="verifyAccountMenuSettingsNotSavedError" time="1.406" classname="com.testscripts.gurukulApp.AccountTest">
    <skipped/>
  </testcase> <!-- verifyAccountMenuSettingsNotSavedError -->
  <testcase name="verifyAccountMenuSettingsNotSavedError" time="14.242" classname="com.testscripts.gurukulApp.AccountTest"/>
  <testcase name="verifyBranchEntityType" time="8.212" classname="com.testscripts.gurukulApp.DashboardTest"/>
  <testcase name="verifyStaffEntityType" time="16.037" classname="com.testscripts.gurukulApp.DashboardTest"/>
  <testcase name="verifyOperationsOfBranchEntityType" time="30.689" classname="com.testscripts.gurukulApp.DashboardTest"/>
  <testcase name="verifyOperationsOfStaffEntityType" time="1.641" classname="com.testscripts.gurukulApp.DashboardTest">
    <skipped/>
  </testcase> <!-- verifyOperationsOfStaffEntityType -->
  <testcase name="verifyOperationsOfStaffEntityType" time="50.423" classname="com.testscripts.gurukulApp.DashboardTest"/>
  <testcase name="@BeforeSuite beforeSuite" time="0.0" classname="com.basetest.environments.SetTestEnvironments">
    <ignored/>
  </testcase> <!-- @BeforeSuite beforeSuite -->
  <testcase name="@BeforeSuite beforeSuite" time="0.0" classname="com.basetest.environments.SetTestEnvironments">
    <ignored/>
  </testcase> <!-- @BeforeSuite beforeSuite -->
  <testcase name="@BeforeSuite beforeSuite" time="0.0" classname="com.basetest.environments.SetTestEnvironments">
    <ignored/>
  </testcase> <!-- @BeforeSuite beforeSuite -->
  <testcase name="@BeforeSuite beforeSuite" time="0.0" classname="com.basetest.environments.SetTestEnvironments">
    <ignored/>
  </testcase> <!-- @BeforeSuite beforeSuite -->
  <testcase name="@AfterSuite afterSuite" time="0.0" classname="com.basetest.environments.SetTestEnvironments">
    <ignored/>
  </testcase> <!-- @AfterSuite afterSuite -->
  <testcase name="@AfterSuite afterSuite" time="0.0" classname="com.basetest.environments.SetTestEnvironments">
    <ignored/>
  </testcase> <!-- @AfterSuite afterSuite -->
  <testcase name="@AfterSuite afterSuite" time="0.0" classname="com.basetest.environments.SetTestEnvironments">
    <ignored/>
  </testcase> <!-- @AfterSuite afterSuite -->
  <testcase name="@AfterSuite afterSuite" time="0.0" classname="com.basetest.environments.SetTestEnvironments">
    <ignored/>
  </testcase> <!-- @AfterSuite afterSuite -->
</testsuite> <!-- Gurukula application test cases -->
