<!DOCTYPE html>

<html>
  <head>
  <meta charset='utf-8'>
  <title>TestNG reports</title>

    <link type="text/css" href="testng-reports.css" rel="stylesheet" />
    <script type="text/javascript" src="jquery-1.7.1.min.js"></script>
    <script type="text/javascript" src="testng-reports.js"></script>
    <script type="text/javascript" src="https://www.google.com/jsapi"></script>
    <script type='text/javascript'>
      google.load('visualization', '1', {packages:['table']});
      google.setOnLoadCallback(drawTable);
      var suiteTableInitFunctions = new Array();
      var suiteTableData = new Array();
    </script>
    <!--
      <script type="text/javascript" src="jquery-ui/js/jquery-ui-1.8.16.custom.min.js"></script>
     -->
  </head>

  <body>
    <div class="top-banner-root">
      <span class="top-banner-title-font">Test results</span>
      <br/>
      <span class="top-banner-font-1">1 suite, 1 failed test</span>
    </div> <!-- top-banner-root -->
    <div class="navigator-root">
      <div class="navigator-suite-header">
        <span>All suites</span>
        <a href="#" class="collapse-all-link" title="Collapse/expand all the suites">
          <img class="collapse-all-icon" src="collapseall.gif">
          </img> <!-- collapse-all-icon -->
        </a> <!-- collapse-all-link -->
      </div> <!-- navigator-suite-header -->
      <div class="suite">
        <div class="rounded-window">
          <div class="suite-header light-rounded-window-top">
            <a href="#" class="navigator-link" panel-name="suite-Gurukula_Suite">
              <span class="suite-name border-failed">Gurukula Suite</span>
            </a> <!-- navigator-link -->
          </div> <!-- suite-header light-rounded-window-top -->
          <div class="navigator-suite-content">
            <div class="suite-section-title">
              <span>Info</span>
            </div> <!-- suite-section-title -->
            <div class="suite-section-content">
              <ul>
                <li>
                  <a href="#" class="navigator-link " panel-name="test-xml-Gurukula_Suite">
                    <span>D:\Git_PROject\TestAutomationGurukul\suites\testng.xml</span>
                  </a> <!-- navigator-link  -->
                </li>
                <li>
                  <a href="#" class="navigator-link " panel-name="testlist-Gurukula_Suite">
                    <span class="test-stats">1 test</span>
                  </a> <!-- navigator-link  -->
                </li>
                <li>
                  <a href="#" class="navigator-link " panel-name="group-Gurukula_Suite">
                    <span>1 group</span>
                  </a> <!-- navigator-link  -->
                </li>
                <li>
                  <a href="#" class="navigator-link " panel-name="times-Gurukula_Suite">
                    <span>Times</span>
                  </a> <!-- navigator-link  -->
                </li>
                <li>
                  <a href="#" class="navigator-link " panel-name="reporter-Gurukula_Suite">
                    <span>Reporter output</span>
                  </a> <!-- navigator-link  -->
                </li>
                <li>
                  <a href="#" class="navigator-link " panel-name="ignored-methods-Gurukula_Suite">
                    <span>Ignored methods</span>
                  </a> <!-- navigator-link  -->
                </li>
                <li>
                  <a href="#" class="navigator-link " panel-name="chronological-Gurukula_Suite">
                    <span>Chronological view</span>
                  </a> <!-- navigator-link  -->
                </li>
              </ul>
            </div> <!-- suite-section-content -->
            <div class="result-section">
              <div class="suite-section-title">
                <span>Results</span>
              </div> <!-- suite-section-title -->
              <div class="suite-section-content">
                <ul>
                  <li>
                    <span class="method-stats">14 methods, 1 failed,  4 skipped,  9 passed</span>
                  </li>
                  <li>
                    <span class="method-list-title failed">Failed methods</span>
                    <span class="show-or-hide-methods failed">
                      <a href="#" panel-name="suite-Gurukula_Suite" class="hide-methods failed suite-Gurukula_Suite"> (hide)</a> <!-- hide-methods failed suite-Gurukula_Suite -->
                      <a href="#" panel-name="suite-Gurukula_Suite" class="show-methods failed suite-Gurukula_Suite"> (show)</a> <!-- show-methods failed suite-Gurukula_Suite -->
                    </span>
                    <div class="method-list-content failed suite-Gurukula_Suite">
                      <span>
                        <img width="3%" src="failed.png"/>
                        <a href="#" class="method navigator-link" panel-name="suite-Gurukula_Suite" title="com.testscripts.gurukulApp.RegisterAccountTest" hash-for-method="verifyRegisterAccountEnrollFailure">verifyRegisterAccountEnrollFailure</a> <!-- method navigator-link -->
                      </span>
                      <br/>
                    </div> <!-- method-list-content failed suite-Gurukula_Suite -->
                  </li>
                  <li>
                    <span class="method-list-title skipped">Skipped methods</span>
                    <span class="show-or-hide-methods skipped">
                      <a href="#" panel-name="suite-Gurukula_Suite" class="hide-methods skipped suite-Gurukula_Suite"> (hide)</a> <!-- hide-methods skipped suite-Gurukula_Suite -->
                      <a href="#" panel-name="suite-Gurukula_Suite" class="show-methods skipped suite-Gurukula_Suite"> (show)</a> <!-- show-methods skipped suite-Gurukula_Suite -->
                    </span>
                    <div class="method-list-content skipped suite-Gurukula_Suite">
                      <span>
                        <img width="3%" src="skipped.png"/>
                        <a href="#" class="method navigator-link" panel-name="suite-Gurukula_Suite" title="com.testscripts.gurukulApp.AccountTest" hash-for-method="verifyAccountMenuSettingsNotSavedError">verifyAccountMenuSettingsNotSavedError</a> <!-- method navigator-link -->
                      </span>
                      <br/>
                      <span>
                        <img width="3%" src="skipped.png"/>
                        <a href="#" class="method navigator-link" panel-name="suite-Gurukula_Suite" title="com.testscripts.gurukulApp.DashboardTest" hash-for-method="verifyOperationsOfStaffEntityType">verifyOperationsOfStaffEntityType</a> <!-- method navigator-link -->
                      </span>
                      <br/>
                      <span>
                        <img width="3%" src="skipped.png"/>
                        <a href="#" class="method navigator-link" panel-name="suite-Gurukula_Suite" title="com.testscripts.gurukulApp.RegisterAccountTest" hash-for-method="verifyRegisterAccountEnrollFailure">verifyRegisterAccountEnrollFailure</a> <!-- method navigator-link -->
                      </span>
                      <br/>
                      <span>
                        <img width="3%" src="skipped.png"/>
                        <a href="#" class="method navigator-link" panel-name="suite-Gurukula_Suite" title="com.testscripts.gurukulApp.RegisterAccountTest" hash-for-method="verifyRegisterAccountEnrollFailure">verifyRegisterAccountEnrollFailure</a> <!-- method navigator-link -->
                      </span>
                      <br/>
                    </div> <!-- method-list-content skipped suite-Gurukula_Suite -->
                  </li>
                  <li>
                    <span class="method-list-title passed">Passed methods</span>
                    <span class="show-or-hide-methods passed">
                      <a href="#" panel-name="suite-Gurukula_Suite" class="hide-methods passed suite-Gurukula_Suite"> (hide)</a> <!-- hide-methods passed suite-Gurukula_Suite -->
                      <a href="#" panel-name="suite-Gurukula_Suite" class="show-methods passed suite-Gurukula_Suite"> (show)</a> <!-- show-methods passed suite-Gurukula_Suite -->
                    </span>
                    <div class="method-list-content passed suite-Gurukula_Suite">
                      <span>
                        <img width="3%" src="passed.png"/>
                        <a href="#" class="method navigator-link" panel-name="suite-Gurukula_Suite" title="com.testscripts.gurukulApp.AccountTest" hash-for-method="verifyAccountMenuSettingsNotSavedError">verifyAccountMenuSettingsNotSavedError</a> <!-- method navigator-link -->
                      </span>
                      <br/>
                      <span>
                        <img width="3%" src="passed.png"/>
                        <a href="#" class="method navigator-link" panel-name="suite-Gurukula_Suite" title="com.testscripts.gurukulApp.AccountTest" hash-for-method="verifyAccountMenuSettingsValidations">verifyAccountMenuSettingsValidations</a> <!-- method navigator-link -->
                      </span>
                      <br/>
                      <span>
                        <img width="3%" src="passed.png"/>
                        <a href="#" class="method navigator-link" panel-name="suite-Gurukula_Suite" title="com.testscripts.gurukulApp.DashboardTest" hash-for-method="verifyBranchEntityType">verifyBranchEntityType</a> <!-- method navigator-link -->
                      </span>
                      <br/>
                      <span>
                        <img width="3%" src="passed.png"/>
                        <a href="#" class="method navigator-link" panel-name="suite-Gurukula_Suite" title="com.testscripts.gurukulApp.DashboardTest" hash-for-method="verifyOperationsOfBranchEntityType">verifyOperationsOfBranchEntityType</a> <!-- method navigator-link -->
                      </span>
                      <br/>
                      <span>
                        <img width="3%" src="passed.png"/>
                        <a href="#" class="method navigator-link" panel-name="suite-Gurukula_Suite" title="com.testscripts.gurukulApp.DashboardTest" hash-for-method="verifyOperationsOfStaffEntityType">verifyOperationsOfStaffEntityType</a> <!-- method navigator-link -->
                      </span>
                      <br/>
                      <span>
                        <img width="3%" src="passed.png"/>
                        <a href="#" class="method navigator-link" panel-name="suite-Gurukula_Suite" title="com.testscripts.gurukulApp.PaginationTest" hash-for-method="verifyPagination">verifyPagination</a> <!-- method navigator-link -->
                      </span>
                      <br/>
                      <span>
                        <img width="3%" src="passed.png"/>
                        <a href="#" class="method navigator-link" panel-name="suite-Gurukula_Suite" title="com.testscripts.gurukulApp.DashboardTest" hash-for-method="verifyStaffEntityType">verifyStaffEntityType</a> <!-- method navigator-link -->
                      </span>
                      <br/>
                      <span>
                        <img width="3%" src="passed.png"/>
                        <a href="#" class="method navigator-link" panel-name="suite-Gurukula_Suite" title="com.testscripts.gurukulApp.LoginTest" hash-for-method="verifyUserLoginWithInValidCreds">verifyUserLoginWithInValidCreds</a> <!-- method navigator-link -->
                      </span>
                      <br/>
                      <span>
                        <img width="3%" src="passed.png"/>
                        <a href="#" class="method navigator-link" panel-name="suite-Gurukula_Suite" title="com.testscripts.gurukulApp.LoginTest" hash-for-method="verifyUserLoginWithValidCreds">verifyUserLoginWithValidCreds</a> <!-- method navigator-link -->
                      </span>
                      <br/>
                    </div> <!-- method-list-content passed suite-Gurukula_Suite -->
                  </li>
                </ul>
              </div> <!-- suite-section-content -->
            </div> <!-- result-section -->
          </div> <!-- navigator-suite-content -->
        </div> <!-- rounded-window -->
      </div> <!-- suite -->
    </div> <!-- navigator-root -->
    <div class="wrapper">
      <div class="main-panel-root">
        <div panel-name="suite-Gurukula_Suite" class="panel Gurukula_Suite">
          <div class="suite-Gurukula_Suite-class-failed">
            <div class="main-panel-header rounded-window-top">
              <img src="failed.png"/>
              <span class="class-name">com.testscripts.gurukulApp.RegisterAccountTest</span>
            </div> <!-- main-panel-header rounded-window-top -->
            <div class="main-panel-content rounded-window-bottom">
              <div class="method">
                <div class="method-content">
                  <a name="verifyRegisterAccountEnrollFailure">
                  </a> <!-- verifyRegisterAccountEnrollFailure -->
                  <span class="method-name">verifyRegisterAccountEnrollFailure</span>
                  <div class="stack-trace">java.lang.AssertionError: Registration failed message is not displayed expected [false] but found [true]
	at org.testng.Assert.fail(Assert.java:96)
	at org.testng.Assert.failNotEquals(Assert.java:776)
	at org.testng.Assert.assertFalse(Assert.java:65)
	at com.testscripts.gurukulApp.RegisterAccountTest.verifyRegisterAccountEnrollFailure(RegisterAccountTest.java:35)
	at sun.reflect.NativeMethodAccessorImpl.invoke0(Native Method)
	at sun.reflect.NativeMethodAccessorImpl.invoke(Unknown Source)
	at sun.reflect.DelegatingMethodAccessorImpl.invoke(Unknown Source)
	at java.lang.reflect.Method.invoke(Unknown Source)
	at org.testng.internal.MethodInvocationHelper.invokeMethod(MethodInvocationHelper.java:124)
	at org.testng.internal.Invoker.invokeMethod(Invoker.java:583)
	at org.testng.internal.Invoker.retryFailed(Invoker.java:839)
	at org.testng.internal.Invoker.invokeTestMethods(Invoker.java:1010)
	at org.testng.internal.TestMethodWorker.invokeTestMethods(TestMethodWorker.java:125)
	at org.testng.internal.TestMethodWorker.run(TestMethodWorker.java:109)
	at org.testng.TestRunner.privateRun(TestRunner.java:648)
	at org.testng.TestRunner.run(TestRunner.java:505)
	at org.testng.SuiteRunner.runTest(SuiteRunner.java:455)
	at org.testng.SuiteRunner.runSequentially(SuiteRunner.java:450)
	at org.testng.SuiteRunner.privateRun(SuiteRunner.java:415)
	at org.testng.SuiteRunner.run(SuiteRunner.java:364)
	at org.testng.SuiteRunnerWorker.runSuite(SuiteRunnerWorker.java:52)
	at org.testng.SuiteRunnerWorker.run(SuiteRunnerWorker.java:84)
	at org.testng.TestNG.runSuitesSequentially(TestNG.java:1208)
	at org.testng.TestNG.runSuitesLocally(TestNG.java:1137)
	at org.testng.TestNG.runSuites(TestNG.java:1049)
	at org.testng.TestNG.run(TestNG.java:1017)
	at org.testng.remote.AbstractRemoteTestNG.run(AbstractRemoteTestNG.java:115)
	at org.testng.remote.RemoteTestNG.initAndRun(RemoteTestNG.java:251)
	at org.testng.remote.RemoteTestNG.main(RemoteTestNG.java:77)

</div> <!-- stack-trace -->
                  <em>
(Test to Register new user)                  </em>
                </div> <!-- method-content -->
              </div> <!-- method -->
            </div> <!-- main-panel-content rounded-window-bottom -->
          </div> <!-- suite-Gurukula_Suite-class-failed -->
          <div class="suite-Gurukula_Suite-class-skipped">
            <div class="main-panel-header rounded-window-top">
              <img src="skipped.png"/>
              <span class="class-name">com.testscripts.gurukulApp.RegisterAccountTest</span>
            </div> <!-- main-panel-header rounded-window-top -->
            <div class="main-panel-content rounded-window-bottom">
              <div class="method">
                <div class="method-content">
                  <a name="verifyRegisterAccountEnrollFailure">
                  </a> <!-- verifyRegisterAccountEnrollFailure -->
                  <span class="method-name">verifyRegisterAccountEnrollFailure</span>
                  <div class="stack-trace">java.lang.AssertionError: Registration failed message is not displayed expected [false] but found [true]
	at org.testng.Assert.fail(Assert.java:96)
	at org.testng.Assert.failNotEquals(Assert.java:776)
	at org.testng.Assert.assertFalse(Assert.java:65)
	at com.testscripts.gurukulApp.RegisterAccountTest.verifyRegisterAccountEnrollFailure(RegisterAccountTest.java:35)
	at sun.reflect.NativeMethodAccessorImpl.invoke0(Native Method)
	at sun.reflect.NativeMethodAccessorImpl.invoke(Unknown Source)
	at sun.reflect.DelegatingMethodAccessorImpl.invoke(Unknown Source)
	at java.lang.reflect.Method.invoke(Unknown Source)
	at org.testng.internal.MethodInvocationHelper.invokeMethod(MethodInvocationHelper.java:124)
	at org.testng.internal.Invoker.invokeMethod(Invoker.java:583)
	at org.testng.internal.Invoker.retryFailed(Invoker.java:839)
	at org.testng.internal.Invoker.invokeTestMethods(Invoker.java:1010)
	at org.testng.internal.TestMethodWorker.invokeTestMethods(TestMethodWorker.java:125)
	at org.testng.internal.TestMethodWorker.run(TestMethodWorker.java:109)
	at org.testng.TestRunner.privateRun(TestRunner.java:648)
	at org.testng.TestRunner.run(TestRunner.java:505)
	at org.testng.SuiteRunner.runTest(SuiteRunner.java:455)
	at org.testng.SuiteRunner.runSequentially(SuiteRunner.java:450)
	at org.testng.SuiteRunner.privateRun(SuiteRunner.java:415)
	at org.testng.SuiteRunner.run(SuiteRunner.java:364)
	at org.testng.SuiteRunnerWorker.runSuite(SuiteRunnerWorker.java:52)
	at org.testng.SuiteRunnerWorker.run(SuiteRunnerWorker.java:84)
	at org.testng.TestNG.runSuitesSequentially(TestNG.java:1208)
	at org.testng.TestNG.runSuitesLocally(TestNG.java:1137)
	at org.testng.TestNG.runSuites(TestNG.java:1049)
	at org.testng.TestNG.run(TestNG.java:1017)
	at org.testng.remote.AbstractRemoteTestNG.run(AbstractRemoteTestNG.java:115)
	at org.testng.remote.RemoteTestNG.initAndRun(RemoteTestNG.java:251)
	at org.testng.remote.RemoteTestNG.main(RemoteTestNG.java:77)

</div> <!-- stack-trace -->
                  <em>
(Test to Register new user)                  </em>
                </div> <!-- method-content -->
              </div> <!-- method -->
              <div class="method">
                <div class="method-content">
                  <a name="verifyRegisterAccountEnrollFailure">
                  </a> <!-- verifyRegisterAccountEnrollFailure -->
                  <span class="method-name">verifyRegisterAccountEnrollFailure</span>
                  <div class="stack-trace">java.lang.AssertionError: Registration title text is incorrect expected [true] but found [false]
	at org.testng.Assert.fail(Assert.java:96)
	at org.testng.Assert.failNotEquals(Assert.java:776)
	at org.testng.Assert.assertTrue(Assert.java:44)
	at com.testscripts.gurukulApp.RegisterAccountTest.verifyRegisterAccountEnrollFailure(RegisterAccountTest.java:24)
	at sun.reflect.NativeMethodAccessorImpl.invoke0(Native Method)
	at sun.reflect.NativeMethodAccessorImpl.invoke(Unknown Source)
	at sun.reflect.DelegatingMethodAccessorImpl.invoke(Unknown Source)
	at java.lang.reflect.Method.invoke(Unknown Source)
	at org.testng.internal.MethodInvocationHelper.invokeMethod(MethodInvocationHelper.java:124)
	at org.testng.internal.Invoker.invokeMethod(Invoker.java:583)
	at org.testng.internal.Invoker.invokeTestMethod(Invoker.java:719)
	at org.testng.internal.Invoker.invokeTestMethods(Invoker.java:989)
	at org.testng.internal.TestMethodWorker.invokeTestMethods(TestMethodWorker.java:125)
	at org.testng.internal.TestMethodWorker.run(TestMethodWorker.java:109)
	at org.testng.TestRunner.privateRun(TestRunner.java:648)
	at org.testng.TestRunner.run(TestRunner.java:505)
	at org.testng.SuiteRunner.runTest(SuiteRunner.java:455)
	at org.testng.SuiteRunner.runSequentially(SuiteRunner.java:450)
	at org.testng.SuiteRunner.privateRun(SuiteRunner.java:415)
	at org.testng.SuiteRunner.run(SuiteRunner.java:364)
	at org.testng.SuiteRunnerWorker.runSuite(SuiteRunnerWorker.java:52)
	at org.testng.SuiteRunnerWorker.run(SuiteRunnerWorker.java:84)
	at org.testng.TestNG.runSuitesSequentially(TestNG.java:1208)
	at org.testng.TestNG.runSuitesLocally(TestNG.java:1137)
	at org.testng.TestNG.runSuites(TestNG.java:1049)
	at org.testng.TestNG.run(TestNG.java:1017)
	at org.testng.remote.AbstractRemoteTestNG.run(AbstractRemoteTestNG.java:115)
	at org.testng.remote.RemoteTestNG.initAndRun(RemoteTestNG.java:251)
	at org.testng.remote.RemoteTestNG.main(RemoteTestNG.java:77)

</div> <!-- stack-trace -->
                  <em>
(Test to Register new user)                  </em>
                </div> <!-- method-content -->
              </div> <!-- method -->
            </div> <!-- main-panel-content rounded-window-bottom -->
          </div> <!-- suite-Gurukula_Suite-class-skipped -->
          <div class="suite-Gurukula_Suite-class-skipped">
            <div class="main-panel-header rounded-window-top">
              <img src="skipped.png"/>
              <span class="class-name">com.testscripts.gurukulApp.AccountTest</span>
            </div> <!-- main-panel-header rounded-window-top -->
            <div class="main-panel-content rounded-window-bottom">
              <div class="method">
                <div class="method-content">
                  <a name="verifyAccountMenuSettingsNotSavedError">
                  </a> <!-- verifyAccountMenuSettingsNotSavedError -->
                  <span class="method-name">verifyAccountMenuSettingsNotSavedError</span>
                  <div class="stack-trace">java.lang.AssertionError: Dashboard title text is incorrect expected [true] but found [false]
	at org.testng.Assert.fail(Assert.java:96)
	at org.testng.Assert.failNotEquals(Assert.java:776)
	at org.testng.Assert.assertTrue(Assert.java:44)
	at com.testscripts.gurukulApp.AccountTest.verifyAccountMenuSettingsNotSavedError(AccountTest.java:44)
	at sun.reflect.NativeMethodAccessorImpl.invoke0(Native Method)
	at sun.reflect.NativeMethodAccessorImpl.invoke(Unknown Source)
	at sun.reflect.DelegatingMethodAccessorImpl.invoke(Unknown Source)
	at java.lang.reflect.Method.invoke(Unknown Source)
	at org.testng.internal.MethodInvocationHelper.invokeMethod(MethodInvocationHelper.java:124)
	at org.testng.internal.Invoker.invokeMethod(Invoker.java:583)
	at org.testng.internal.Invoker.invokeTestMethod(Invoker.java:719)
	at org.testng.internal.Invoker.invokeTestMethods(Invoker.java:989)
	at org.testng.internal.TestMethodWorker.invokeTestMethods(TestMethodWorker.java:125)
	at org.testng.internal.TestMethodWorker.run(TestMethodWorker.java:109)
	at org.testng.TestRunner.privateRun(TestRunner.java:648)
	at org.testng.TestRunner.run(TestRunner.java:505)
	at org.testng.SuiteRunner.runTest(SuiteRunner.java:455)
	at org.testng.SuiteRunner.runSequentially(SuiteRunner.java:450)
	at org.testng.SuiteRunner.privateRun(SuiteRunner.java:415)
	at org.testng.SuiteRunner.run(SuiteRunner.java:364)
	at org.testng.SuiteRunnerWorker.runSuite(SuiteRunnerWorker.java:52)
	at org.testng.SuiteRunnerWorker.run(SuiteRunnerWorker.java:84)
	at org.testng.TestNG.runSuitesSequentially(TestNG.java:1208)
	at org.testng.TestNG.runSuitesLocally(TestNG.java:1137)
	at org.testng.TestNG.runSuites(TestNG.java:1049)
	at org.testng.TestNG.run(TestNG.java:1017)
	at org.testng.remote.AbstractRemoteTestNG.run(AbstractRemoteTestNG.java:115)
	at org.testng.remote.RemoteTestNG.initAndRun(RemoteTestNG.java:251)
	at org.testng.remote.RemoteTestNG.main(RemoteTestNG.java:77)

</div> <!-- stack-trace -->
                </div> <!-- method-content -->
              </div> <!-- method -->
            </div> <!-- main-panel-content rounded-window-bottom -->
          </div> <!-- suite-Gurukula_Suite-class-skipped -->
          <div class="suite-Gurukula_Suite-class-skipped">
            <div class="main-panel-header rounded-window-top">
              <img src="skipped.png"/>
              <span class="class-name">com.testscripts.gurukulApp.DashboardTest</span>
            </div> <!-- main-panel-header rounded-window-top -->
            <div class="main-panel-content rounded-window-bottom">
              <div class="method">
                <div class="method-content">
                  <a name="verifyOperationsOfStaffEntityType">
                  </a> <!-- verifyOperationsOfStaffEntityType -->
                  <span class="method-name">verifyOperationsOfStaffEntityType</span>
                  <div class="stack-trace">java.lang.AssertionError: Dashboard title text is incorrect expected [true] but found [false]
	at org.testng.Assert.fail(Assert.java:96)
	at org.testng.Assert.failNotEquals(Assert.java:776)
	at org.testng.Assert.assertTrue(Assert.java:44)
	at com.testscripts.gurukulApp.DashboardTest.verifyOperationsOfStaffEntityType(DashboardTest.java:121)
	at sun.reflect.NativeMethodAccessorImpl.invoke0(Native Method)
	at sun.reflect.NativeMethodAccessorImpl.invoke(Unknown Source)
	at sun.reflect.DelegatingMethodAccessorImpl.invoke(Unknown Source)
	at java.lang.reflect.Method.invoke(Unknown Source)
	at org.testng.internal.MethodInvocationHelper.invokeMethod(MethodInvocationHelper.java:124)
	at org.testng.internal.Invoker.invokeMethod(Invoker.java:583)
	at org.testng.internal.Invoker.invokeTestMethod(Invoker.java:719)
	at org.testng.internal.Invoker.invokeTestMethods(Invoker.java:989)
	at org.testng.internal.TestMethodWorker.invokeTestMethods(TestMethodWorker.java:125)
	at org.testng.internal.TestMethodWorker.run(TestMethodWorker.java:109)
	at org.testng.TestRunner.privateRun(TestRunner.java:648)
	at org.testng.TestRunner.run(TestRunner.java:505)
	at org.testng.SuiteRunner.runTest(SuiteRunner.java:455)
	at org.testng.SuiteRunner.runSequentially(SuiteRunner.java:450)
	at org.testng.SuiteRunner.privateRun(SuiteRunner.java:415)
	at org.testng.SuiteRunner.run(SuiteRunner.java:364)
	at org.testng.SuiteRunnerWorker.runSuite(SuiteRunnerWorker.java:52)
	at org.testng.SuiteRunnerWorker.run(SuiteRunnerWorker.java:84)
	at org.testng.TestNG.runSuitesSequentially(TestNG.java:1208)
	at org.testng.TestNG.runSuitesLocally(TestNG.java:1137)
	at org.testng.TestNG.runSuites(TestNG.java:1049)
	at org.testng.TestNG.run(TestNG.java:1017)
	at org.testng.remote.AbstractRemoteTestNG.run(AbstractRemoteTestNG.java:115)
	at org.testng.remote.RemoteTestNG.initAndRun(RemoteTestNG.java:251)
	at org.testng.remote.RemoteTestNG.main(RemoteTestNG.java:77)

</div> <!-- stack-trace -->
                  <em>
(Test to Verify operations query,view,delete,edit for staff entity)                  </em>
                </div> <!-- method-content -->
              </div> <!-- method -->
            </div> <!-- main-panel-content rounded-window-bottom -->
          </div> <!-- suite-Gurukula_Suite-class-skipped -->
          <div class="suite-Gurukula_Suite-class-passed">
            <div class="main-panel-header rounded-window-top">
              <img src="passed.png"/>
              <span class="class-name">com.testscripts.gurukulApp.AccountTest</span>
            </div> <!-- main-panel-header rounded-window-top -->
            <div class="main-panel-content rounded-window-bottom">
              <div class="method">
                <div class="method-content">
                  <a name="verifyAccountMenuSettingsNotSavedError">
                  </a> <!-- verifyAccountMenuSettingsNotSavedError -->
                  <span class="method-name">verifyAccountMenuSettingsNotSavedError</span>
                </div> <!-- method-content -->
              </div> <!-- method -->
              <div class="method">
                <div class="method-content">
                  <a name="verifyAccountMenuSettingsValidations">
                  </a> <!-- verifyAccountMenuSettingsValidations -->
                  <span class="method-name">verifyAccountMenuSettingsValidations</span>
                </div> <!-- method-content -->
              </div> <!-- method -->
            </div> <!-- main-panel-content rounded-window-bottom -->
          </div> <!-- suite-Gurukula_Suite-class-passed -->
          <div class="suite-Gurukula_Suite-class-passed">
            <div class="main-panel-header rounded-window-top">
              <img src="passed.png"/>
              <span class="class-name">com.testscripts.gurukulApp.PaginationTest</span>
            </div> <!-- main-panel-header rounded-window-top -->
            <div class="main-panel-content rounded-window-bottom">
              <div class="method">
                <div class="method-content">
                  <a name="verifyPagination">
                  </a> <!-- verifyPagination -->
                  <span class="method-name">verifyPagination</span>
                  <em>
(Test to Verify Pagination - First,Last,Next,Previous functions)                  </em>
                </div> <!-- method-content -->
              </div> <!-- method -->
            </div> <!-- main-panel-content rounded-window-bottom -->
          </div> <!-- suite-Gurukula_Suite-class-passed -->
          <div class="suite-Gurukula_Suite-class-passed">
            <div class="main-panel-header rounded-window-top">
              <img src="passed.png"/>
              <span class="class-name">com.testscripts.gurukulApp.LoginTest</span>
            </div> <!-- main-panel-header rounded-window-top -->
            <div class="main-panel-content rounded-window-bottom">
              <div class="method">
                <div class="method-content">
                  <a name="verifyUserLoginWithInValidCreds">
                  </a> <!-- verifyUserLoginWithInValidCreds -->
                  <span class="method-name">verifyUserLoginWithInValidCreds</span>
                  <em>
(Verify User login with Invalid credentials)                  </em>
                </div> <!-- method-content -->
              </div> <!-- method -->
              <div class="method">
                <div class="method-content">
                  <a name="verifyUserLoginWithValidCreds">
                  </a> <!-- verifyUserLoginWithValidCreds -->
                  <span class="method-name">verifyUserLoginWithValidCreds</span>
                  <em>
(Verify User login with valid credentials and logout)                  </em>
                </div> <!-- method-content -->
              </div> <!-- method -->
            </div> <!-- main-panel-content rounded-window-bottom -->
          </div> <!-- suite-Gurukula_Suite-class-passed -->
          <div class="suite-Gurukula_Suite-class-passed">
            <div class="main-panel-header rounded-window-top">
              <img src="passed.png"/>
              <span class="class-name">com.testscripts.gurukulApp.DashboardTest</span>
            </div> <!-- main-panel-header rounded-window-top -->
            <div class="main-panel-content rounded-window-bottom">
              <div class="method">
                <div class="method-content">
                  <a name="verifyBranchEntityType">
                  </a> <!-- verifyBranchEntityType -->
                  <span class="method-name">verifyBranchEntityType</span>
                  <em>
(Test to verify branch addition)                  </em>
                </div> <!-- method-content -->
              </div> <!-- method -->
              <div class="method">
                <div class="method-content">
                  <a name="verifyOperationsOfBranchEntityType">
                  </a> <!-- verifyOperationsOfBranchEntityType -->
                  <span class="method-name">verifyOperationsOfBranchEntityType</span>
                  <em>
(Test to Verify operations query,view,delete,edit for branch entity)                  </em>
                </div> <!-- method-content -->
              </div> <!-- method -->
              <div class="method">
                <div class="method-content">
                  <a name="verifyOperationsOfStaffEntityType">
                  </a> <!-- verifyOperationsOfStaffEntityType -->
                  <span class="method-name">verifyOperationsOfStaffEntityType</span>
                  <em>
(Test to Verify operations query,view,delete,edit for staff entity)                  </em>
                </div> <!-- method-content -->
              </div> <!-- method -->
              <div class="method">
                <div class="method-content">
                  <a name="verifyStaffEntityType">
                  </a> <!-- verifyStaffEntityType -->
                  <span class="method-name">verifyStaffEntityType</span>
                  <em>
(Test to verify staff addition)                  </em>
                </div> <!-- method-content -->
              </div> <!-- method -->
            </div> <!-- main-panel-content rounded-window-bottom -->
          </div> <!-- suite-Gurukula_Suite-class-passed -->
        </div> <!-- panel Gurukula_Suite -->
        <div panel-name="test-xml-Gurukula_Suite" class="panel">
          <div class="main-panel-header rounded-window-top">
            <span class="header-content">D:\Git_PROject\TestAutomationGurukul\suites\testng.xml</span>
          </div> <!-- main-panel-header rounded-window-top -->
          <div class="main-panel-content rounded-window-bottom">
            <pre>
&lt;?xml version=&quot;1.0&quot; encoding=&quot;UTF-8&quot;?&gt;
&lt;!DOCTYPE suite SYSTEM &quot;http://testng.org/testng-1.0.dtd&quot;&gt;
&lt;suite thread-count=&quot;2&quot; guice-stage=&quot;DEVELOPMENT&quot; name=&quot;Gurukula Suite&quot;&gt;
  &lt;listeners&gt;
    &lt;listener class-name=&quot;com.basesource.utils.RetryListener&quot;/&gt;
  &lt;/listeners&gt;
  &lt;test thread-count=&quot;2&quot; verbose=&quot;2&quot; name=&quot;Gurukula application test cases&quot;&gt;
    &lt;groups&gt;
      &lt;run&gt;
        &lt;include name=&quot;REGRESSION&quot;/&gt;
      &lt;/run&gt;
    &lt;/groups&gt;
    &lt;classes&gt;
      &lt;class name=&quot;com.testscripts.gurukulApp.LoginTest&quot;/&gt;
      &lt;class name=&quot;com.testscripts.gurukulApp.AccountTest&quot;/&gt;
      &lt;class name=&quot;com.testscripts.gurukulApp.RegisterAccountTest&quot;/&gt;
      &lt;class name=&quot;com.testscripts.gurukulApp.DashboardTest&quot;/&gt;
      &lt;class name=&quot;com.testscripts.gurukulApp.PaginationTest&quot;/&gt;
    &lt;/classes&gt;
  &lt;/test&gt; &lt;!-- Gurukula application test cases --&gt;
&lt;/suite&gt; &lt;!-- Gurukula Suite --&gt;
            </pre>
          </div> <!-- main-panel-content rounded-window-bottom -->
        </div> <!-- panel -->
        <div panel-name="testlist-Gurukula_Suite" class="panel">
          <div class="main-panel-header rounded-window-top">
            <span class="header-content">Tests for Gurukula Suite</span>
          </div> <!-- main-panel-header rounded-window-top -->
          <div class="main-panel-content rounded-window-bottom">
            <ul>
              <li>
                <span class="test-name">Gurukula application test cases (5 classes)</span>
              </li>
            </ul>
          </div> <!-- main-panel-content rounded-window-bottom -->
        </div> <!-- panel -->
        <div panel-name="group-Gurukula_Suite" class="panel">
          <div class="main-panel-header rounded-window-top">
            <span class="header-content">Groups for Gurukula Suite</span>
          </div> <!-- main-panel-header rounded-window-top -->
          <div class="main-panel-content rounded-window-bottom">
            <div class="test-group">
              <span class="test-group-name">REGRESSION</span>
              <br/>
              <div class="method-in-group">
                <span class="method-in-group-name">verifyAccountMenuSettingsNotSavedError</span>
                <br/>
              </div> <!-- method-in-group -->
              <div class="method-in-group">
                <span class="method-in-group-name">verifyAccountMenuSettingsValidations</span>
                <br/>
              </div> <!-- method-in-group -->
              <div class="method-in-group">
                <span class="method-in-group-name">verifyBranchEntityType</span>
                <br/>
              </div> <!-- method-in-group -->
              <div class="method-in-group">
                <span class="method-in-group-name">verifyOperationsOfBranchEntityType</span>
                <br/>
              </div> <!-- method-in-group -->
              <div class="method-in-group">
                <span class="method-in-group-name">verifyOperationsOfStaffEntityType</span>
                <br/>
              </div> <!-- method-in-group -->
              <div class="method-in-group">
                <span class="method-in-group-name">verifyPagination</span>
                <br/>
              </div> <!-- method-in-group -->
              <div class="method-in-group">
                <span class="method-in-group-name">verifyRegisterAccountEnrollFailure</span>
                <br/>
              </div> <!-- method-in-group -->
              <div class="method-in-group">
                <span class="method-in-group-name">verifyStaffEntityType</span>
                <br/>
              </div> <!-- method-in-group -->
              <div class="method-in-group">
                <span class="method-in-group-name">verifyUserLoginWithInValidCreds</span>
                <br/>
              </div> <!-- method-in-group -->
              <div class="method-in-group">
                <span class="method-in-group-name">verifyUserLoginWithValidCreds</span>
                <br/>
              </div> <!-- method-in-group -->
            </div> <!-- test-group -->
          </div> <!-- main-panel-content rounded-window-bottom -->
        </div> <!-- panel -->
        <div panel-name="times-Gurukula_Suite" class="panel">
          <div class="main-panel-header rounded-window-top">
            <span class="header-content">Times for Gurukula Suite</span>
          </div> <!-- main-panel-header rounded-window-top -->
          <div class="main-panel-content rounded-window-bottom">
            <div class="times-div">
              <script type="text/javascript">
suiteTableInitFunctions.push('tableData_Gurukula_Suite');
function tableData_Gurukula_Suite() {
var data = new google.visualization.DataTable();
data.addColumn('number', 'Number');
data.addColumn('string', 'Method');
data.addColumn('string', 'Class');
data.addColumn('number', 'Time (ms)');
data.addRows(14);
data.setCell(0, 0, 0)
data.setCell(0, 1, 'verifyPagination')
data.setCell(0, 2, 'com.testscripts.gurukulApp.PaginationTest')
data.setCell(0, 3, 266272);
data.setCell(1, 0, 1)
data.setCell(1, 1, 'verifyOperationsOfStaffEntityType')
data.setCell(1, 2, 'com.testscripts.gurukulApp.DashboardTest')
data.setCell(1, 3, 50423);
data.setCell(2, 0, 2)
data.setCell(2, 1, 'verifyOperationsOfBranchEntityType')
data.setCell(2, 2, 'com.testscripts.gurukulApp.DashboardTest')
data.setCell(2, 3, 30689);
data.setCell(3, 0, 3)
data.setCell(3, 1, 'verifyStaffEntityType')
data.setCell(3, 2, 'com.testscripts.gurukulApp.DashboardTest')
data.setCell(3, 3, 16037);
data.setCell(4, 0, 4)
data.setCell(4, 1, 'verifyAccountMenuSettingsNotSavedError')
data.setCell(4, 2, 'com.testscripts.gurukulApp.AccountTest')
data.setCell(4, 3, 14242);
data.setCell(5, 0, 5)
data.setCell(5, 1, 'verifyBranchEntityType')
data.setCell(5, 2, 'com.testscripts.gurukulApp.DashboardTest')
data.setCell(5, 3, 8212);
data.setCell(6, 0, 6)
data.setCell(6, 1, 'verifyAccountMenuSettingsValidations')
data.setCell(6, 2, 'com.testscripts.gurukulApp.AccountTest')
data.setCell(6, 3, 5714);
data.setCell(7, 0, 7)
data.setCell(7, 1, 'verifyUserLoginWithValidCreds')
data.setCell(7, 2, 'com.testscripts.gurukulApp.LoginTest')
data.setCell(7, 3, 3488);
data.setCell(8, 0, 8)
data.setCell(8, 1, 'verifyRegisterAccountEnrollFailure')
data.setCell(8, 2, 'com.testscripts.gurukulApp.RegisterAccountTest')
data.setCell(8, 3, 2839);
data.setCell(9, 0, 9)
data.setCell(9, 1, 'verifyUserLoginWithInValidCreds')
data.setCell(9, 2, 'com.testscripts.gurukulApp.LoginTest')
data.setCell(9, 3, 2556);
data.setCell(10, 0, 10)
data.setCell(10, 1, 'verifyRegisterAccountEnrollFailure')
data.setCell(10, 2, 'com.testscripts.gurukulApp.RegisterAccountTest')
data.setCell(10, 3, 2094);
data.setCell(11, 0, 11)
data.setCell(11, 1, 'verifyOperationsOfStaffEntityType')
data.setCell(11, 2, 'com.testscripts.gurukulApp.DashboardTest')
data.setCell(11, 3, 1641);
data.setCell(12, 0, 12)
data.setCell(12, 1, 'verifyAccountMenuSettingsNotSavedError')
data.setCell(12, 2, 'com.testscripts.gurukulApp.AccountTest')
data.setCell(12, 3, 1406);
data.setCell(13, 0, 13)
data.setCell(13, 1, 'verifyRegisterAccountEnrollFailure')
data.setCell(13, 2, 'com.testscripts.gurukulApp.RegisterAccountTest')
data.setCell(13, 3, 343);
window.suiteTableData['Gurukula_Suite']= { tableData: data, tableDiv: 'times-div-Gurukula_Suite'}
return data;
}
              </script>
              <span class="suite-total-time">Total running time: 6 minutes</span>
              <div id="times-div-Gurukula_Suite">
              </div> <!-- times-div-Gurukula_Suite -->
            </div> <!-- times-div -->
          </div> <!-- main-panel-content rounded-window-bottom -->
        </div> <!-- panel -->
        <div panel-name="reporter-Gurukula_Suite" class="panel">
          <div class="main-panel-header rounded-window-top">
            <span class="header-content">Reporter output for Gurukula Suite</span>
          </div> <!-- main-panel-header rounded-window-top -->
          <div class="main-panel-content rounded-window-bottom">
          </div> <!-- main-panel-content rounded-window-bottom -->
        </div> <!-- panel -->
        <div panel-name="ignored-methods-Gurukula_Suite" class="panel">
          <div class="main-panel-header rounded-window-top">
            <span class="header-content">8 ignored methods</span>
          </div> <!-- main-panel-header rounded-window-top -->
          <div class="main-panel-content rounded-window-bottom">
            <div class="ignored-class-div">
              <span class="ignored-class-name">com.testscripts.gurukulApp.AccountTest</span>
              <div class="ignored-methods-div">
                <span class="ignored-method-name">beforeSuite</span>
                <br/>
                <span class="ignored-method-name">afterSuite</span>
                <br/>
              </div> <!-- ignored-methods-div -->
            </div> <!-- ignored-class-div -->
            <div class="ignored-class-div">
              <span class="ignored-class-name">com.testscripts.gurukulApp.RegisterAccountTest</span>
              <div class="ignored-methods-div">
                <span class="ignored-method-name">beforeSuite</span>
                <br/>
                <span class="ignored-method-name">afterSuite</span>
                <br/>
              </div> <!-- ignored-methods-div -->
            </div> <!-- ignored-class-div -->
            <div class="ignored-class-div">
              <span class="ignored-class-name">com.testscripts.gurukulApp.PaginationTest</span>
              <div class="ignored-methods-div">
                <span class="ignored-method-name">beforeSuite</span>
                <br/>
                <span class="ignored-method-name">afterSuite</span>
                <br/>
              </div> <!-- ignored-methods-div -->
            </div> <!-- ignored-class-div -->
            <div class="ignored-class-div">
              <span class="ignored-class-name">com.testscripts.gurukulApp.DashboardTest</span>
              <div class="ignored-methods-div">
                <span class="ignored-method-name">beforeSuite</span>
                <br/>
                <span class="ignored-method-name">afterSuite</span>
                <br/>
              </div> <!-- ignored-methods-div -->
            </div> <!-- ignored-class-div -->
          </div> <!-- main-panel-content rounded-window-bottom -->
        </div> <!-- panel -->
        <div panel-name="chronological-Gurukula_Suite" class="panel">
          <div class="main-panel-header rounded-window-top">
            <span class="header-content">Methods in chronological order</span>
          </div> <!-- main-panel-header rounded-window-top -->
          <div class="main-panel-content rounded-window-bottom">
            <div class="chronological-class">
              <div class="chronological-class-name">com.testscripts.gurukulApp.LoginTest</div> <!-- chronological-class-name -->
              <div class="configuration-suite before">
                <span class="method-name">beforeSuite(org.testng.TestRunner@63cd604c)</span>
                <span class="method-start">0 ms</span>
              </div> <!-- configuration-suite before -->
              <div class="configuration-method before">
                <span class="method-name">beforeMethod(public final void com.testscripts.gurukulApp.LoginTest.verifyUserLoginWithValidCreds() throws java.l...)</span>
                <span class="method-start">155 ms</span>
              </div> <!-- configuration-method before -->
              <div class="test-method">
                <span class="method-name">verifyUserLoginWithValidCreds</span>
                <span class="method-start">16718 ms</span>
              </div> <!-- test-method -->
              <div class="configuration-method after">
                <span class="method-name">aftermethod([TestResult name=verifyUserLoginWithValidCreds status=SUCCESS method=LoginTest.verifyUserLoginWithVa...)</span>
                <span class="method-start">20206 ms</span>
              </div> <!-- configuration-method after -->
            </div> <!-- chronological-class -->
            <div class="chronological-class">
              <div class="chronological-class-name">com.testscripts.gurukulApp.AccountTest</div> <!-- chronological-class-name -->
              <div class="configuration-method before">
                <span class="method-name">beforeMethod(public final void com.testscripts.gurukulApp.AccountTest.verifyAccountMenuSettingsValidations() thro...)</span>
                <span class="method-start">24612 ms</span>
              </div> <!-- configuration-method before -->
              <div class="test-method">
                <span class="method-name">verifyAccountMenuSettingsValidations</span>
                <span class="method-start">37300 ms</span>
              </div> <!-- test-method -->
              <div class="configuration-method after">
                <span class="method-name">aftermethod([TestResult name=verifyAccountMenuSettingsValidations status=SUCCESS method=AccountTest.verifyAccoun...)</span>
                <span class="method-start">43014 ms</span>
              </div> <!-- configuration-method after -->
            </div> <!-- chronological-class -->
            <div class="chronological-class">
              <div class="chronological-class-name">com.testscripts.gurukulApp.RegisterAccountTest</div> <!-- chronological-class-name -->
              <div class="configuration-method before">
                <span class="method-name">beforeMethod(public final void com.testscripts.gurukulApp.RegisterAccountTest.verifyRegisterAccountEnrollFailure(...)</span>
                <span class="method-start">46883 ms</span>
              </div> <!-- configuration-method before -->
              <div class="test-method">
                <span class="method-name">verifyRegisterAccountEnrollFailure</span>
                <span class="method-start">59511 ms</span>
              </div> <!-- test-method -->
              <div class="configuration-method after">
                <span class="method-name">aftermethod([TestResult name=verifyRegisterAccountEnrollFailure status=SKIP method=RegisterAccountTest.verifyReg...)</span>
                <span class="method-start">59866 ms</span>
              </div> <!-- configuration-method after -->
              <div class="configuration-method before">
                <span class="method-name">beforeMethod(public final void com.testscripts.gurukulApp.RegisterAccountTest.verifyRegisterAccountEnrollFailure(...)</span>
                <span class="method-start">64709 ms</span>
              </div> <!-- configuration-method before -->
              <div class="test-method">
                <span class="method-name">verifyRegisterAccountEnrollFailure</span>
                <span class="method-start">77574 ms</span>
              </div> <!-- test-method -->
              <div class="configuration-method after">
                <span class="method-name">aftermethod([TestResult name=verifyRegisterAccountEnrollFailure status=SKIP method=RegisterAccountTest.verifyReg...)</span>
                <span class="method-start">80417 ms</span>
              </div> <!-- configuration-method after -->
              <div class="configuration-method before">
                <span class="method-name">beforeMethod(public final void com.testscripts.gurukulApp.RegisterAccountTest.verifyRegisterAccountEnrollFailure(...)</span>
                <span class="method-start">87032 ms</span>
              </div> <!-- configuration-method before -->
              <div class="test-method">
                <img src="failed.png">
                </img>
                <span class="method-name">verifyRegisterAccountEnrollFailure</span>
                <span class="method-start">99649 ms</span>
              </div> <!-- test-method -->
              <div class="configuration-method after">
                <span class="method-name">aftermethod([TestResult name=verifyRegisterAccountEnrollFailure status=FAILURE method=RegisterAccountTest.verify...)</span>
                <span class="method-start">101747 ms</span>
              </div> <!-- configuration-method after -->
            </div> <!-- chronological-class -->
            <div class="chronological-class">
              <div class="chronological-class-name">com.testscripts.gurukulApp.PaginationTest</div> <!-- chronological-class-name -->
              <div class="configuration-method before">
                <span class="method-name">beforeMethod(public final void com.testscripts.gurukulApp.PaginationTest.verifyPagination() throws java.lang.Exce...)</span>
                <span class="method-start">106601 ms</span>
              </div> <!-- configuration-method before -->
              <div class="test-method">
                <span class="method-name">verifyPagination</span>
                <span class="method-start">120972 ms</span>
              </div> <!-- test-method -->
              <div class="configuration-method after">
                <span class="method-name">aftermethod([TestResult name=verifyPagination status=SUCCESS method=PaginationTest.verifyPagination()[pri:1, ins...)</span>
                <span class="method-start">387248 ms</span>
              </div> <!-- configuration-method after -->
            </div> <!-- chronological-class -->
            <div class="chronological-class">
              <div class="chronological-class-name">com.testscripts.gurukulApp.LoginTest</div> <!-- chronological-class-name -->
              <div class="configuration-method before">
                <span class="method-name">beforeMethod(public final void com.testscripts.gurukulApp.LoginTest.verifyUserLoginWithInValidCreds() throws java...)</span>
                <span class="method-start">389086 ms</span>
              </div> <!-- configuration-method before -->
              <div class="test-method">
                <span class="method-name">verifyUserLoginWithInValidCreds</span>
                <span class="method-start">402645 ms</span>
              </div> <!-- test-method -->
              <div class="configuration-method after">
                <span class="method-name">aftermethod([TestResult name=verifyUserLoginWithInValidCreds status=SUCCESS method=LoginTest.verifyUserLoginWith...)</span>
                <span class="method-start">405205 ms</span>
              </div> <!-- configuration-method after -->
            </div> <!-- chronological-class -->
            <div class="chronological-class">
              <div class="chronological-class-name">com.testscripts.gurukulApp.AccountTest</div> <!-- chronological-class-name -->
              <div class="configuration-method before">
                <span class="method-name">beforeMethod(public final void com.testscripts.gurukulApp.AccountTest.verifyAccountMenuSettingsNotSavedError() th...)</span>
                <span class="method-start">410443 ms</span>
              </div> <!-- configuration-method before -->
              <div class="test-method">
                <span class="method-name">verifyAccountMenuSettingsNotSavedError</span>
                <span class="method-start">424157 ms</span>
              </div> <!-- test-method -->
              <div class="configuration-method after">
                <span class="method-name">aftermethod([TestResult name=verifyAccountMenuSettingsNotSavedError status=SKIP method=AccountTest.verifyAccount...)</span>
                <span class="method-start">425566 ms</span>
              </div> <!-- configuration-method after -->
              <div class="configuration-method before">
                <span class="method-name">beforeMethod(public final void com.testscripts.gurukulApp.AccountTest.verifyAccountMenuSettingsNotSavedError() th...)</span>
                <span class="method-start">429802 ms</span>
              </div> <!-- configuration-method before -->
              <div class="test-method">
                <span class="method-name">verifyAccountMenuSettingsNotSavedError</span>
                <span class="method-start">441935 ms</span>
              </div> <!-- test-method -->
              <div class="configuration-method after">
                <span class="method-name">aftermethod([TestResult name=verifyAccountMenuSettingsNotSavedError status=SUCCESS method=AccountTest.verifyAcco...)</span>
                <span class="method-start">456177 ms</span>
              </div> <!-- configuration-method after -->
            </div> <!-- chronological-class -->
            <div class="chronological-class">
              <div class="chronological-class-name">com.testscripts.gurukulApp.DashboardTest</div> <!-- chronological-class-name -->
              <div class="configuration-method before">
                <span class="method-name">beforeMethod(public final void com.testscripts.gurukulApp.DashboardTest.verifyBranchEntityType() throws java.lang...)</span>
                <span class="method-start">460990 ms</span>
              </div> <!-- configuration-method before -->
              <div class="test-method">
                <span class="method-name">verifyBranchEntityType</span>
                <span class="method-start">473685 ms</span>
              </div> <!-- test-method -->
              <div class="configuration-method after">
                <span class="method-name">aftermethod([TestResult name=verifyBranchEntityType status=SUCCESS method=DashboardTest.verifyBranchEntityType()...)</span>
                <span class="method-start">481900 ms</span>
              </div> <!-- configuration-method after -->
              <div class="configuration-method before">
                <span class="method-name">beforeMethod(public final void com.testscripts.gurukulApp.DashboardTest.verifyStaffEntityType() throws java.lang....)</span>
                <span class="method-start">486538 ms</span>
              </div> <!-- configuration-method before -->
              <div class="test-method">
                <span class="method-name">verifyStaffEntityType</span>
                <span class="method-start">501338 ms</span>
              </div> <!-- test-method -->
              <div class="configuration-method after">
                <span class="method-name">aftermethod([TestResult name=verifyStaffEntityType status=SUCCESS method=DashboardTest.verifyStaffEntityType()[p...)</span>
                <span class="method-start">517391 ms</span>
              </div> <!-- configuration-method after -->
              <div class="configuration-method before">
                <span class="method-name">beforeMethod(public final void com.testscripts.gurukulApp.DashboardTest.verifyOperationsOfBranchEntityType() thro...)</span>
                <span class="method-start">521237 ms</span>
              </div> <!-- configuration-method before -->
              <div class="test-method">
                <span class="method-name">verifyOperationsOfBranchEntityType</span>
                <span class="method-start">532452 ms</span>
              </div> <!-- test-method -->
              <div class="configuration-method after">
                <span class="method-name">aftermethod([TestResult name=verifyOperationsOfBranchEntityType status=SUCCESS method=DashboardTest.verifyOperat...)</span>
                <span class="method-start">563141 ms</span>
              </div> <!-- configuration-method after -->
              <div class="configuration-method before">
                <span class="method-name">beforeMethod(public final void com.testscripts.gurukulApp.DashboardTest.verifyOperationsOfStaffEntityType() throw...)</span>
                <span class="method-start">565823 ms</span>
              </div> <!-- configuration-method before -->
              <div class="test-method">
                <span class="method-name">verifyOperationsOfStaffEntityType</span>
                <span class="method-start">577669 ms</span>
              </div> <!-- test-method -->
              <div class="configuration-method after">
                <span class="method-name">aftermethod([TestResult name=verifyOperationsOfStaffEntityType status=SKIP method=DashboardTest.verifyOperations...)</span>
                <span class="method-start">579315 ms</span>
              </div> <!-- configuration-method after -->
              <div class="configuration-method before">
                <span class="method-name">beforeMethod(public final void com.testscripts.gurukulApp.DashboardTest.verifyOperationsOfStaffEntityType() throw...)</span>
                <span class="method-start">583920 ms</span>
              </div> <!-- configuration-method before -->
              <div class="test-method">
                <span class="method-name">verifyOperationsOfStaffEntityType</span>
                <span class="method-start">598796 ms</span>
              </div> <!-- test-method -->
              <div class="configuration-method after">
                <span class="method-name">aftermethod([TestResult name=verifyOperationsOfStaffEntityType status=SUCCESS method=DashboardTest.verifyOperati...)</span>
                <span class="method-start">649219 ms</span>
              </div> <!-- configuration-method after -->
            </div> <!-- chronological-class -->
            <div class="chronological-class">
              <div class="chronological-class-name">com.testscripts.gurukulApp.LoginTest</div> <!-- chronological-class-name -->
              <div class="configuration-suite after">
                <span class="method-name">afterSuite(org.testng.TestRunner@63cd604c)</span>
                <span class="method-start">651440 ms</span>
              </div> <!-- configuration-suite after -->
          </div> <!-- main-panel-content rounded-window-bottom -->
        </div> <!-- panel -->
      </div> <!-- main-panel-root -->
    </div> <!-- wrapper -->
  </body>
</html>
